[debug] [2025-11-08T12:46:27.488Z] ----------------------------------------------------------------------
[debug] [2025-11-08T12:46:27.490Z] Command:       C:\Program Files\nodejs\node.exe C:\Users\刘存安\AppData\Roaming\npm\node_modules\firebase-tools\lib\bin\firebase.js login --reauth
[debug] [2025-11-08T12:46:27.490Z] CLI Version:   14.24.1
[debug] [2025-11-08T12:46:27.490Z] Platform:      win32
[debug] [2025-11-08T12:46:27.491Z] Node Version:  v22.14.0
[debug] [2025-11-08T12:46:27.491Z] Time:          Sat Nov 08 2025 20:46:27 GMT+0800 (中国标准时间)
[debug] [2025-11-08T12:46:27.491Z] ----------------------------------------------------------------------
[debug] 
[info] 
[info] Visit this URL on this device to log in:
[info] https://accounts.google.com/o/oauth2/auth?client_id=563584335869-fgrhgmd47bqnekij5i8b5pr03ho849e6.apps.googleusercontent.com&scope=email%20openid%20https%3A%2F%2Fwww.googleapis.com%2Fauth%2Fcloudplatformprojects.readonly%20https%3A%2F%2Fwww.googleapis.com%2Fauth%2Ffirebase%20https%3A%2F%2Fwww.googleapis.com%2Fauth%2Fcloud-platform&response_type=code&state=1067587615&redirect_uri=http%3A%2F%2Flocalhost%3A9005
[info] 
[info] Waiting for authentication...
[debug] [2025-11-08T12:46:35.167Z] >>> [apiv2][query] POST https://accounts.google.com/o/oauth2/token [none]
[debug] [2025-11-08T12:46:35.167Z] >>> [apiv2][body] POST https://accounts.google.com/o/oauth2/token [omitted]
[debug] [2025-11-08T12:46:56.246Z] *** [apiv2] error from fetch(https://accounts.google.com/o/oauth2/token, {"headers":{},"method":"POST","body":{"_overheadLength":543,"_valueLength":208,"_valuesToMeasure":[],"writable":false,"readable":true,"dataSize":0,"maxDataSize":2097152,"pauseStreams":true,"_released":true,"_streams":[],"_currentStream":null,"_insideLoop":false,"_pendingNext":false,"_boundary":"--------------------------25cab2986ae993152db88d0b","_events":{},"_eventsCount":1}}): FetchError: request to https://accounts.google.com/o/oauth2/token failed, reason: connect ETIMEDOUT 74.125.20.84:443
[debug] [2025-11-08T12:46:56.246Z] Token Fetch Error: FirebaseError: Failed to make request to https://accounts.google.com/o/oauth2/token
    at RetryOperation._fn (C:\Users\刘存安\AppData\Roaming\npm\node_modules\firebase-tools\lib\apiv2.js:271:31)
    at process.processTicksAndRejections (node:internal/process/task_queues:105:5)
[error] Authentication Error: Your credentials are no longer valid. Please run firebase login --reauth

For CI servers and headless environments, generate a new token with firebase login:ci
[debug] [2025-11-08T12:46:56.255Z] >>> [apiv2][query] POST https://auth.firebase.tools/attest [none]
[debug] [2025-11-08T12:46:56.256Z] >>> [apiv2][body] POST https://auth.firebase.tools/attest {"session_id":"98bd261d-ee8a-4bc2-beee-6d5af89dc0d3"}
[debug] [2025-11-08T12:46:57.842Z] <<< [apiv2][status] POST https://auth.firebase.tools/attest 200
[debug] [2025-11-08T12:46:57.842Z] <<< [apiv2][body] POST https://auth.firebase.tools/attest {"token":"73Zr9pVXYJQeRercYaVGsTzhwaacC9SZhs8QtS0vpH8"}
[info] 
[info] To sign in to the Firebase CLI:
[info] 
[info] 1. Take note of your session ID:
[info] 
[info]    98BD2
[info] 
[info] 2. Visit the URL below on any device and follow the instructions to get your code:
[info] 
[info]    https://auth.firebase.tools/login?code_challenge=4J-qYLwinzpeQbz44rAhTOtWq4Nvaor60uy-7c-hjcA&session=98bd261d-ee8a-4bc2-beee-6d5af89dc0d3&attest=73Zr9pVXYJQeRercYaVGsTzhwaacC9SZhs8QtS0vpH8
[info] 
[info] 3. Paste or enter the authorization code below once you have it:
[info] 
[debug] [2025-11-08T12:47:16.693Z] >>> [apiv2][query] POST https://accounts.google.com/o/oauth2/token [none]
[debug] [2025-11-08T12:47:16.693Z] >>> [apiv2][body] POST https://accounts.google.com/o/oauth2/token [omitted]
[debug] [2025-11-08T12:47:37.743Z] *** [apiv2] error from fetch(https://accounts.google.com/o/oauth2/token, {"headers":{},"method":"POST","body":{"_overheadLength":655,"_valueLength":287,"_valuesToMeasure":[],"writable":false,"readable":true,"dataSize":0,"maxDataSize":2097152,"pauseStreams":true,"_released":true,"_streams":[],"_currentStream":null,"_insideLoop":false,"_pendingNext":false,"_boundary":"--------------------------5f65ef0256dd61cdb1ab4f10","_events":{},"_eventsCount":1}}): FetchError: request to https://accounts.google.com/o/oauth2/token failed, reason: connect ETIMEDOUT 74.125.20.84:443
[debug] [2025-11-08T12:47:37.744Z] Token Fetch Error: FirebaseError: Failed to make request to https://accounts.google.com/o/oauth2/token
    at RetryOperation._fn (C:\Users\刘存安\AppData\Roaming\npm\node_modules\firebase-tools\lib\apiv2.js:271:31)
    at process.processTicksAndRejections (node:internal/process/task_queues:105:5)
[error] Authentication Error: Your credentials are no longer valid. Please run firebase login --reauth

For CI servers and headless environments, generate a new token with firebase login:ci
[debug] [2025-11-08T12:47:42.766Z] Error: Timed out.
    at Timeout._onTimeout (C:\Users\刘存安\AppData\Roaming\npm\node_modules\firebase-tools\lib\utils.js:275:49)
    at listOnTimeout (node:internal/timers:594:17)
    at process.processTimers (node:internal/timers:529:7)
[error] 
[error] Error: An unexpected error has occurred.
